2017-08-07 5:37:04|4336|Async Processing Thread Local(0) Started
2017-08-07 5:37:04|11152|CAsyncLoader IO Thread started2017-08-07 5:37:04|9172|Async Processing Thread Asset(1) Started
2017-08-07 5:37:04|6704|Async Processing Thread AudioFile(4) Started
2017-08-07 5:37:04|3108|Async Processing Thread Web(2) Started
2017-08-07 5:37:04|1780|Async Processing Thread BigFile(3) Started
2017-08-07 5:37:04|6236|Async Processing Thread Asset(1) Started
2017-08-07 5:37:04|10756|ParaFile.OpenAssetFile using local file:script/apps/WebServer/default.webserver.config.xml
2017-08-07 5:38:29|10756|ParaFile.OpenAssetFile using local file:script/apps/WebServer/admin/index.page
2017-08-07 5:38:29|10756|ParaFile.OpenAssetFile using local file:script/apps/WebServer/admin/wp-main.page
2017-08-07 5:38:29|10756|ParaFile.OpenAssetFile using local file:script/apps/WebServer/admin/wp-load.page
2017-08-07 5:38:29|10756|ParaFile.OpenAssetFile using local file:script/apps/WebServer/admin/wp-config.page
2017-08-07 5:38:29|10756|ParaFile.OpenAssetFile using local file:script/apps/WebServer/admin/wp-settings.page
2017-08-07 5:38:29|10756|ParaFile.OpenAssetFile using local file:script/apps/WebServer/admin/wp-includes/load.page
2017-08-07 5:38:29|10756|ParaFile.OpenAssetFile using local file:script/apps/WebServer/admin/wp-includes/default-constants.page
2017-08-07 5:38:29|10756|ParaFile.OpenAssetFile using local file:script/apps/WebServer/admin/wp-includes/version.page
2017-08-07 5:38:29|10756|ParaFile.OpenAssetFile using local file:script/apps/WebServer/admin/wp-includes/functions.page
2017-08-07 5:38:29|10756|ParaFile.OpenAssetFile using local file:script/apps/WebServer/admin/wp-includes/class-wp-error.page
2017-08-07 5:38:29|10756|ParaFile.OpenAssetFile using local file:script/apps/WebServer/admin/wp-includes/plugin.page
2017-08-07 5:38:29|10756|ParaFile.OpenAssetFile using local file:script/apps/WebServer/admin/wp-includes/wp-db.page
2017-08-07 5:38:29|10756|ParaFile.OpenAssetFile using local file:script/apps/WebServer/admin/wp-content/database/table_users.xml
2017-08-07 5:38:29|10756|ParaFile.OpenAssetFile using local file:script/apps/WebServer/admin/wp-includes/class-wp-user.page
2017-08-07 5:38:29|10756|ParaFile.OpenAssetFile using local file:script/apps/WebServer/admin/wp-includes/formatting.page
2017-08-07 5:38:29|10756|ParaFile.OpenAssetFile using local file:script/apps/WebServer/admin/wp-includes/query.page
2017-08-07 5:38:29|10756|ParaFile.OpenAssetFile using local file:script/apps/WebServer/admin/wp-includes/cache.page
2017-08-07 5:38:29|10756|ParaFile.OpenAssetFile using local file:script/apps/WebServer/admin/wp-includes/option.page
2017-08-07 5:38:29|10756|ParaFile.OpenAssetFile using local file:script/apps/WebServer/admin/wp-includes/class-wp-walker.page
2017-08-07 5:38:29|10756|ParaFile.OpenAssetFile using local file:script/apps/WebServer/admin/wp-includes/class-wp-theme.page
2017-08-07 5:38:29|10756|ParaFile.OpenAssetFile using local file:script/apps/WebServer/admin/wp-includes/theme.page
2017-08-07 5:38:29|10756|ParaFile.OpenAssetFile using local file:script/apps/WebServer/admin/wp-includes/template.page
2017-08-07 5:38:29|10756|ParaFile.OpenAssetFile using local file:script/apps/WebServer/admin/wp-includes/user.page
2017-08-07 5:38:29|10756|ParaFile.OpenAssetFile using local file:script/apps/WebServer/admin/wp-includes/session.page
2017-08-07 5:38:29|10756|ParaFile.OpenAssetFile using local file:script/apps/WebServer/admin/wp-includes/meta.page
2017-08-07 5:38:29|10756|ParaFile.OpenAssetFile using local file:script/apps/WebServer/admin/wp-includes/general-template.page
2017-08-07 5:38:29|10756|ParaFile.OpenAssetFile using local file:script/apps/WebServer/admin/wp-includes/link-template.page
2017-08-07 5:38:29|10756|ParaFile.OpenAssetFile using local file:script/apps/WebServer/admin/wp-includes/nav-menu.page
2017-08-07 5:38:29|10756|ParaFile.OpenAssetFile using local file:script/apps/WebServer/admin/wp-includes/nav-menu-template.page
2017-08-07 5:38:29|10756|ParaFile.OpenAssetFile using local file:script/apps/WebServer/admin/wp-includes/taxonomy.page
2017-08-07 5:38:29|10756|ParaFile.OpenAssetFile using local file:script/apps/WebServer/admin/wp-includes/http.page
2017-08-07 5:38:29|10756|ParaFile.OpenAssetFile using local file:script/apps/WebServer/admin/wp-includes/default-filters.page
2017-08-07 5:38:29|10756|ParaFile.OpenAssetFile using local file:script/apps/WebServer/admin/wp-includes/pluggable.page
2017-08-07 5:38:29|10756|ParaFile.OpenAssetFile using local file:script/apps/WebServer/admin/wp-content/database/table_sitemeta.xml
2017-08-07 5:38:29|10756|ParaFile.OpenAssetFile using local file:script/apps/WebServer/admin/wp-content/themes/sensitive/functions.page
2017-08-07 5:38:29|10756|ParaFile.OpenAssetFile using local file:script/apps/WebServer/admin/wp-content/themes/sensitive/nav-menu-walker.class.page
2017-08-07 5:38:29|10756|ParaFile.OpenAssetFile using local file:script/apps/WebServer/admin/wp-includes/template-loader.page
2017-08-07 5:38:29|10756|ParaFile.OpenAssetFile using local file:script/apps/WebServer/admin/wp-admin/admin-ajax.page
